380.0
988.0
380.0
476.0
764.0
892.0
412.0
636.0
284.0
476.0
284.0
540.0
668.0
348.0
284.0
284.0
668.0
732.0
284.0
636.0
636.0
476.0
380.0
348.0
284.0
668.0
476.0
284.0
1244.0
316.0
380.0
316.0
476.0
380.0
380.0
476.0
284.0
284.0
444.0
572.0
284.0
380.0
508.0
380.0
284.0
668.0
668.0
444.0
412.0
572.0
348.0
1340.0
284.0
444.0
284.0
284.0
476.0
380.0
380.0
284.0
380.0
572.0
380.0
380.0
380.0
380.0
284.0
380.0
700.0
380.0
1180.0
732.0
1084.0
412.0
380.0
380.0
476.0
604.0
1052.0
284.0
380.0
316.0
508.0
508.0
1724.0
284.0
604.0
476.0
380.0
348.0
732.0
412.0
572.0
380.0
540.0
508.0
