0.017676401883363724
0.022811701521277428
0.02742944285273552
0.02242962270975113
0.022109121084213257
0.008924688212573528
0.007866720668971539
0.008481009863317013
0.010369081981480122
0.010715926066040993
0.0075604054145514965
0.00419391505420208
0.0073944381438195705
0.009434320963919163
0.009871835820376873
0.00929155945777893
0.006954943295568228
0.007280319929122925
0.0054490212351083755
0.012398495338857174
0.007514869328588247
0.006860191002488136
0.010339402593672276
0.00880423840135336
0.006972667295485735
0.006590507458895445
0.009031218476593494
0.004972417838871479
0.010934562422335148
0.01111015398055315
0.011955023743212223
0.006487064063549042
0.008329581469297409
0.00777545478194952
0.007134515326470137
0.006444520782679319
0.009236865676939487
0.009628248400986195
0.01388490293174982
0.012853319756686687
0.008304976858198643
0.007862498052418232
0.006823333445936441
0.008600191213190556
0.007334538735449314
0.011177164502441883
0.005689010489732027
0.004892099183052778
0.00512738199904561
0.00669912388548255
0.011270727030932903
0.005768625531345606
0.012755951844155788
0.011005960404872894
0.011519516818225384
0.007304197642952204
0.01081098522990942
0.004169922322034836
0.005824096500873566
0.010044808499515057
0.014497597701847553
0.007619278505444527
0.006663219071924686
0.009508508257567883
0.009068003855645657
0.00537714222446084
0.01000471692532301
0.006752006243914366
0.006752997171133757
0.015500283800065517
0.00647449167445302
0.007181959226727486
0.009527072310447693
0.00690483720973134
0.010748120956122875
0.01127635594457388
0.009587340988218784
0.01048553828150034
0.006713992916047573
0.0073944395408034325
0.012591981329023838
0.007202764507383108
0.00842099916189909
0.006708298344165087
0.007330877240747213
0.008086801506578922
0.009953727014362812
0.0045020910911262035
0.006605470087379217
0.00440764706581831
0.00589342974126339
0.007288515567779541
0.007456100545823574
0.008829982951283455
0.010073713026940823
0.013203841634094715
