48.902438729274564
71.37362496374728
51.57499933987856
46.52083300054073
61.23611006885767
55.31325258045312
57.116278565900274
53.08064446333916
46.12499998882413
53.29166579991579
46.12499998882413
60.12962901757823
59.39062404446304
51.8947365370236
46.12499998882413
46.12499998882413
55.03125035203993
48.857142844370436
46.12499998882413
60.20634813866918
60.54838623491026
58.49999863654375
40.949999928474426
52.315789143505846
46.12499998882413
60.40624908171594
45.99999960511923
46.12499998882413
63.39285657341991
49.37142837473324
52.199999280273914
49.14285695978573
44.43749979138374
50.949999399483204
53.449999161064625
61.08333270996809
46.12499998882413
46.12499998882413
55.23913004800029
39.087719174330694
46.12499998882413
49.69999951869249
56.25490180709783
50.32499945908785
46.12499998882413
47.218749867752194
58.15624983049929
51.47826045427633
57.116278565900274
53.76785662025213
51.47368393054134
61.0583327608183
46.12499998882413
57.652173401868865
46.12499998882413
46.12499998882413
47.04166639596224
54.49999965727329
53.449999161064625
46.12499998882413
56.97560932868865
47.99999972539289
48.44999963790178
40.32499995455146
49.07499957829714
44.699999906122684
46.12499998882413
49.07499957829714
59.477611030660455
48.44999963790178
65.7196250711089
65.3428562687976
61.38383770869537
57.48837156697761
47.82499969750643
48.44999963790178
52.2499992325902
62.6610159949731
51.31958742393661
46.12499998882413
48.44999963790178
49.37142837473324
55.60784216312801
51.68627404991318
65.1052622653936
46.12499998882413
62.91525357102944
47.562499456107616
51.57499933987856
51.47368393054134
64.35714187579495
50.55813906844272
52.42857065051794
55.099999621510506
63.629628858632515
57.843136848772275
