0.014359179884195328
0.02148524485528469
0.02198348194360733
0.019111158326268196
0.019101552665233612
0.03551444038748741
0.031921401619911194
0.026627210900187492
0.029385218396782875
0.024220338091254234
0.02819741703569889
0.030947813764214516
0.03242954984307289
0.033816147595644
0.030842270702123642
0.03996195271611214
0.027195708826184273
0.031636327505111694
0.03087690845131874
0.030292756855487823
0.027139736339449883
0.02606935054063797
0.030999289825558662
0.03372740373015404
0.028161687776446342
0.029080361127853394
0.025695601478219032
0.023775750771164894
0.026914548128843307
0.027443816885352135
0.03388210013508797
0.027877695858478546
0.02873590588569641
0.03127633035182953
0.0324104018509388
0.026018833741545677
0.027601182460784912
0.02490459755063057
0.023019636049866676
0.024970365688204765
0.018694451078772545
0.03070172294974327
0.020656833425164223
0.025597989559173584
0.024743812158703804
0.022987481206655502
