71.7564696530428
48.86801776375521
90.81070206922675
53.69927499018124
67.62881299121685
87.44190468575273
78.92275123125208
81.23419756818164
50.09579997150389
68.65434698016463
88.52682842060969
81.24946208069882
55.802739443646566
82.46882570597033
87.10340048428814
71.81046787801407
85.3029061457126
82.65422087507322
63.488480026820014
88.99371496310121
67.17466673096642
34.81523822670403
69.1823649578878
49.55956233566108
43.05343872911873
81.7856312713361
60.23717894111402
54.84313702714794
74.58283518366306
74.26950312417713
61.879138649143535
71.38378304567792
60.806541306480206
67.14239021310198
67.82399971847023
82.34890852628328
52.51333290210792
49.971153086696106
70.0810000981437
44.926262421067804
58.62723726300256
80.84818914362363
85.71802768522417
67.91587218376142
92.57871382385885
75.09743444822155
