47.515151504314304
46.526316051420416
44.421052877840246
46.12499998882413
54.916667230427265
46.12499998882413
46.12499998882413
46.12499998882413
46.12499998882413
43.36842126752201
46.12499998882413
50.21052682870313
46.12499998882413
47.052631809523234
52.70967760153355
46.12499998882413
46.12499998882413
47.052631809523234
59.25926031337844
46.12499998882413
46.12499998882413
49.47826170079086
49.68421097648771
46.12499998882413
54.11428643550192
47.57894756762605
46.12499998882413
47.515151504314304
48.35714300828321
41.78947378146021
46.12499998882413
46.12499998882413
46.12499998882413
51.8947365370236
46.12499998882413
46.12499998882413
53.39130463483541
35.27272681620988
46.12499998882413
46.12499998882413
46.12499998882413
46.12499998882413
46.12499998882413
46.12499998882413
53.96078421789057
46.12499998882413
43.31250078510493
46.12499998882413
51.47368393054134
46.12499998882413
46.12499998882413
50.34782678860685
46.12499998882413
46.12499998882413
47.515151504314304
46.12499998882413
58.434782468754314
46.12499998882413
46.12499998882413
46.869565990308054
46.12499998882413
46.12499998882413
52.6000000461936
55.49999959766865
55.727272392673925
46.12499998882413
41.26315798806517
45.82857188369547
46.12499998882413
41.78947378146021
53.89473779421104
46.12499998882413
52.8421060897802
46.434783271473385
52.52631544674698
46.12499998882413
49.37142919855459
50.93333374708891
43.36842126752201
46.12499998882413
51.8947365370236
46.12499998882413
46.666666937180054
46.12499998882413
52.315789143505846
46.12499998882413
46.12499998882413
46.12499998882413
49.59999978968075
43.894737072681124
56.74418589750002
53.81333307027817
52.87499978672713
46.12499998882413
57.16666653752327
46.12499998882413
51.217392109658405
46.12499998882413
45.473684488158476
55.5652179374643
49.47826123431973
65.55555497606595
53.36842194199562
52.999999584122136
46.12499998882413
46.12499998882413
46.12499998882413
46.12499998882413
41.78947378146021
50.25641063390634
46.526316051420416
46.11764710615663
46.12499998882413
42.84210543883474
46.50980453280842
47.052631809523234
46.12499998882413
40.736842194670125
46.12499998882413
46.12499998882413
46.12499998882413
53.89473779421104
41.41176500741173
44.69565255162509
46.12499998882413
59.72727236761288
54.30769223433275
44.69565251275249
46.12499998882413
46.12499998882413
51.26315853313396
51.47368393054134
49.37142837473324
49.59999978968075
46.12499998882413
