284.0
348.0
348.0
284.0
476.0
284.0
284.0
284.0
284.0
348.0
284.0
348.0
284.0
348.0
636.0
284.0
284.0
348.0
540.0
284.0
284.0
444.0
348.0
284.0
316.0
348.0
284.0
284.0
572.0
348.0
284.0
284.0
284.0
348.0
284.0
284.0
444.0
156.0
284.0
284.0
284.0
284.0
284.0
284.0
508.0
284.0
668.0
284.0
348.0
284.0
284.0
444.0
284.0
284.0
284.0
284.0
170.0
284.0
284.0
444.0
284.0
284.0
252.0
380.0
156.0
284.0
348.0
316.0
284.0
348.0
348.0
284.0
348.0
444.0
348.0
284.0
732.0
252.0
348.0
284.0
348.0
284.0
348.0
284.0
348.0
284.0
284.0
284.0
316.0
348.0
406.0
796.0
476.0
284.0
188.0
284.0
444.0
284.0
348.0
444.0
444.0
220.0
348.0
156.0
284.0
284.0
284.0
284.0
348.0
348.0
348.0
508.0
284.0
348.0
508.0
348.0
284.0
348.0
284.0
284.0
284.0
348.0
508.0
444.0
284.0
427.0
212.0
444.0
284.0
284.0
348.0
348.0
316.0
316.0
284.0
