0.01933930069208145
0.02631564997136593
0.022401893511414528
0.02162087708711624
0.0178363136947155
0.012257765047252178
0.020150201395154
0.020494801923632622
0.011554750613868237
0.0150366872549057
0.011477689258754253
0.01173822395503521
0.006397275719791651
0.006013771984726191
0.006722286343574524
0.004396600183099508
0.0074456906877458096
0.009183593094348907
0.006894929800182581
0.00841551087796688
0.008068670518696308
0.005440236534923315
0.008425725623965263
0.006956044118851423
0.010928289033472538
0.009250239469110966
0.006144578102976084
0.003707182127982378
0.009184449911117554
0.008233611471951008
0.00856805220246315
0.007828853093087673
0.007517225109040737
0.004453097935765982
0.004203150048851967
0.009601781144738197
0.011074786074459553
0.007684896234422922
0.007245297078043222
0.006341796834021807
0.005586784798651934
0.00852925330400467
0.011216135695576668
0.0048261466436088085
0.00705419247969985
0.009035264141857624
0.00721028121188283
0.008992188610136509
0.009347357787191868
0.0069449893198907375
0.006507667247205973
0.01066228374838829
0.0071996659971773624
0.009194375947117805
0.007583760656416416
0.006086762994527817
0.0077255056239664555
0.01287970133125782
0.006333247292786837
0.0026740257162600756
0.0076059154234826565
0.007765254471451044
0.011638251133263111
0.007542976178228855
0.004665839020162821
0.006759873125702143
0.010938291437923908
0.010020268149673939
0.0060949441976845264
0.008290586993098259
0.00888589583337307
0.007259282749146223
0.011562032625079155
0.007570046465843916
0.005206722300499678
0.009468486532568932
0.008439755067229271
0.010911880061030388
0.011360201984643936
0.006479356903582811
0.005693503655493259
0.00857114139944315
0.007005426567047834
0.004937274847179651
0.008186250925064087
0.005372523330152035
0.014383790083229542
0.00810172874480486
0.00812018197029829
0.008999288082122803
0.006857375614345074
0.009378115646541119
0.010256830602884293
0.011229214258491993
0.008168498985469341
0.0074594467878341675
0.00869229156523943
0.0070512015372514725
0.013120721094310284
0.004289387725293636
0.0081960279494524
0.009034832008183002
0.011371985077857971
0.009899251163005829
0.007856979966163635
0.00707878777757287
0.007239475846290588
0.011887353844940662
0.013153184205293655
0.006720717065036297
0.009453464299440384
0.008601301349699497
0.0065763723105192184
0.008146804757416248
0.009156041778624058
0.005279308184981346
0.008971338160336018
0.008633406832814217
0.008324720896780491
0.009595271199941635
0.0062956297770142555
0.0048045204021036625
0.007845458574593067
0.008329403586685658
0.006513290572911501
0.008692569099366665
0.012746197171509266
0.02005835808813572
0.008693277835845947
0.0075165084563195705
0.006194762885570526
0.011454530991613865
0.00457310676574707
0.007630165200680494
